<?xml version="1.0" encoding="UTF-8"?>
<!-- Generated by org.testng.reporters.JUnitReportReporter -->
<testsuite hostname="Manul-W" failures="0" tests="1" name="framework.testCases.TC_LoginTest_01" time="3.410" errors="0" timestamp="2021-08-28T05:33:06 IST" skipped="0">
  <testcase classname="framework.testCases.TC_LoginTest_01" name="loginTest" time="3.410"/>
  <system-out/>
</testsuite> <!-- framework.testCases.TC_LoginTest_01 -->
