<?xml version="1.0" encoding="UTF-8"?>
<!-- Generated by org.testng.reporters.JUnitReportReporter -->
<testsuite hostname="Manul-W" failures="0" tests="4" name="framework.testCases.TC_LoginDDT_02" time="16.474" errors="0" timestamp="2021-08-28T05:33:06 IST" skipped="0">
  <testcase classname="framework.testCases.TC_LoginDDT_02" name="loginDDT" time="4.043"/>
  <system-out/>
  <testcase classname="framework.testCases.TC_LoginDDT_02" name="loginDDT" time="3.985"/>
  <system-out/>
  <testcase classname="framework.testCases.TC_LoginDDT_02" name="loginDDT" time="4.444"/>
  <system-out/>
  <testcase classname="framework.testCases.TC_LoginDDT_02" name="loginDDT" time="4.002"/>
  <system-out/>
</testsuite> <!-- framework.testCases.TC_LoginDDT_02 -->
